<?xml version="1.0" encoding="UTF-8"?>
<testng-results skipped="0" failed="1" ignored="0" total="14" passed="13">
  <reporter-output>
  </reporter-output>
  <suite name="Default suite" duration-ms="301640" started-at="2019-04-01T11:06:29Z" finished-at="2019-04-01T11:11:31Z">
    <groups>
    </groups>
    <test name="Default test" duration-ms="301640" started-at="2019-04-01T11:06:29Z" finished-at="2019-04-01T11:11:31Z">
      <class name="MIW.AolTest">
        <test-method status="PASS" signature="beforeMethod()[pri:0, instance:MIW.AolTest@cb5822]" name="beforeMethod" is-config="true" duration-ms="96120" started-at="2019-04-01T11:04:53Z" finished-at="2019-04-01T11:06:29Z">
          <reporter-output>
          </reporter-output>
        </test-method> <!-- beforeMethod -->
        <test-method status="PASS" signature="TC001()[pri:1, instance:MIW.AolTest@cb5822]" name="TC001" duration-ms="2973" started-at="2019-04-01T11:06:29Z" description="Check MailIcon button displayed" finished-at="2019-04-01T11:06:32Z">
          <reporter-output>
          </reporter-output>
        </test-method> <!-- TC001 -->
        <test-method status="PASS" signature="tearDown(org.testng.ITestResult)[pri:0, instance:MIW.AolTest@cb5822]" name="tearDown" is-config="true" duration-ms="5465" started-at="2019-04-01T11:06:32Z" finished-at="2019-04-01T11:06:37Z">
          <params>
            <param index="0">
              <value>
                <![CDATA[[TestResult name=TC001 status=SUCCESS method=AolTest.TC001()[pri:1, instance:MIW.AolTest@cb5822] output={null}]]]>
              </value>
            </param>
          </params>
          <reporter-output>
          </reporter-output>
        </test-method> <!-- tearDown -->
        <test-method status="PASS" signature="TC002()[pri:2, instance:MIW.AolTest@cb5822]" name="TC002" duration-ms="1281" started-at="2019-04-01T11:06:37Z" description="Verify Mail Icon button is enabled" finished-at="2019-04-01T11:06:39Z">
          <reporter-output>
          </reporter-output>
        </test-method> <!-- TC002 -->
        <test-method status="PASS" signature="tearDown(org.testng.ITestResult)[pri:0, instance:MIW.AolTest@cb5822]" name="tearDown" is-config="true" duration-ms="2249" started-at="2019-04-01T11:06:39Z" finished-at="2019-04-01T11:06:41Z">
          <params>
            <param index="0">
              <value>
                <![CDATA[[TestResult name=TC002 status=SUCCESS method=AolTest.TC002()[pri:2, instance:MIW.AolTest@cb5822] output={null}]]]>
              </value>
            </param>
          </params>
          <reporter-output>
          </reporter-output>
        </test-method> <!-- tearDown -->
        <test-method status="PASS" signature="TC003()[pri:3, instance:MIW.AolTest@cb5822]" name="TC003" duration-ms="1093" started-at="2019-04-01T11:06:41Z" description="Click Mail Icon" finished-at="2019-04-01T11:06:42Z">
          <reporter-output>
          </reporter-output>
        </test-method> <!-- TC003 -->
        <test-method status="PASS" signature="tearDown(org.testng.ITestResult)[pri:0, instance:MIW.AolTest@cb5822]" name="tearDown" is-config="true" duration-ms="2884" started-at="2019-04-01T11:06:42Z" finished-at="2019-04-01T11:06:45Z">
          <params>
            <param index="0">
              <value>
                <![CDATA[[TestResult name=TC003 status=SUCCESS method=AolTest.TC003()[pri:3, instance:MIW.AolTest@cb5822] output={null}]]]>
              </value>
            </param>
          </params>
          <reporter-output>
          </reporter-output>
        </test-method> <!-- tearDown -->
        <test-method status="PASS" signature="TC004()[pri:4, instance:MIW.AolTest@cb5822]" name="TC004" duration-ms="1298" started-at="2019-04-01T11:06:45Z" description="Select Chrome" finished-at="2019-04-01T11:06:46Z">
          <reporter-output>
          </reporter-output>
        </test-method> <!-- TC004 -->
        <test-method status="PASS" signature="tearDown(org.testng.ITestResult)[pri:0, instance:MIW.AolTest@cb5822]" name="tearDown" is-config="true" duration-ms="1164" started-at="2019-04-01T11:06:46Z" finished-at="2019-04-01T11:06:47Z">
          <params>
            <param index="0">
              <value>
                <![CDATA[[TestResult name=TC004 status=SUCCESS method=AolTest.TC004()[pri:4, instance:MIW.AolTest@cb5822] output={null}]]]>
              </value>
            </param>
          </params>
          <reporter-output>
          </reporter-output>
        </test-method> <!-- tearDown -->
        <test-method status="PASS" signature="TC005()[pri:5, instance:MIW.AolTest@cb5822]" name="TC005" duration-ms="1586" started-at="2019-04-01T11:06:47Z" description="Enter username" finished-at="2019-04-01T11:06:49Z">
          <reporter-output>
          </reporter-output>
        </test-method> <!-- TC005 -->
        <test-method status="PASS" signature="tearDown(org.testng.ITestResult)[pri:0, instance:MIW.AolTest@cb5822]" name="tearDown" is-config="true" duration-ms="1064" started-at="2019-04-01T11:06:49Z" finished-at="2019-04-01T11:06:50Z">
          <params>
            <param index="0">
              <value>
                <![CDATA[[TestResult name=TC005 status=SUCCESS method=AolTest.TC005()[pri:5, instance:MIW.AolTest@cb5822] output={null}]]]>
              </value>
            </param>
          </params>
          <reporter-output>
          </reporter-output>
        </test-method> <!-- tearDown -->
        <test-method status="PASS" signature="TC006()[pri:6, instance:MIW.AolTest@cb5822]" name="TC006" duration-ms="545" started-at="2019-04-01T11:06:50Z" description="Click Next button" finished-at="2019-04-01T11:06:51Z">
          <reporter-output>
          </reporter-output>
        </test-method> <!-- TC006 -->
        <test-method status="PASS" signature="tearDown(org.testng.ITestResult)[pri:0, instance:MIW.AolTest@cb5822]" name="tearDown" is-config="true" duration-ms="1086" started-at="2019-04-01T11:06:51Z" finished-at="2019-04-01T11:06:52Z">
          <params>
            <param index="0">
              <value>
                <![CDATA[[TestResult name=TC006 status=SUCCESS method=AolTest.TC006()[pri:6, instance:MIW.AolTest@cb5822] output={null}]]]>
              </value>
            </param>
          </params>
          <reporter-output>
          </reporter-output>
        </test-method> <!-- tearDown -->
        <test-method status="PASS" signature="TC007()[pri:7, instance:MIW.AolTest@cb5822]" name="TC007" duration-ms="8834" started-at="2019-04-01T11:06:52Z" description="UserName is displayed" finished-at="2019-04-01T11:07:01Z">
          <reporter-output>
          </reporter-output>
        </test-method> <!-- TC007 -->
        <test-method status="PASS" signature="tearDown(org.testng.ITestResult)[pri:0, instance:MIW.AolTest@cb5822]" name="tearDown" is-config="true" duration-ms="1143" started-at="2019-04-01T11:07:01Z" finished-at="2019-04-01T11:07:02Z">
          <params>
            <param index="0">
              <value>
                <![CDATA[[TestResult name=TC007 status=SUCCESS method=AolTest.TC007()[pri:7, instance:MIW.AolTest@cb5822] output={null}]]]>
              </value>
            </param>
          </params>
          <reporter-output>
          </reporter-output>
        </test-method> <!-- tearDown -->
        <test-method status="PASS" signature="TC008()[pri:8, instance:MIW.AolTest@cb5822]" name="TC008" duration-ms="451" started-at="2019-04-01T11:07:02Z" description="Enter Password" finished-at="2019-04-01T11:07:02Z">
          <reporter-output>
          </reporter-output>
        </test-method> <!-- TC008 -->
        <test-method status="PASS" signature="tearDown(org.testng.ITestResult)[pri:0, instance:MIW.AolTest@cb5822]" name="tearDown" is-config="true" duration-ms="1252" started-at="2019-04-01T11:07:02Z" finished-at="2019-04-01T11:07:03Z">
          <params>
            <param index="0">
              <value>
                <![CDATA[[TestResult name=TC008 status=SUCCESS method=AolTest.TC008()[pri:8, instance:MIW.AolTest@cb5822] output={null}]]]>
              </value>
            </param>
          </params>
          <reporter-output>
          </reporter-output>
        </test-method> <!-- tearDown -->
        <test-method status="PASS" signature="TC009()[pri:9, instance:MIW.AolTest@cb5822]" name="TC009" duration-ms="444" started-at="2019-04-01T11:07:03Z" description="Click Sign In button" finished-at="2019-04-01T11:07:04Z">
          <reporter-output>
          </reporter-output>
        </test-method> <!-- TC009 -->
        <test-method status="PASS" signature="tearDown(org.testng.ITestResult)[pri:0, instance:MIW.AolTest@cb5822]" name="tearDown" is-config="true" duration-ms="1119" started-at="2019-04-01T11:07:04Z" finished-at="2019-04-01T11:07:05Z">
          <params>
            <param index="0">
              <value>
                <![CDATA[[TestResult name=TC009 status=SUCCESS method=AolTest.TC009()[pri:9, instance:MIW.AolTest@cb5822] output={null}]]]>
              </value>
            </param>
          </params>
          <reporter-output>
          </reporter-output>
        </test-method> <!-- tearDown -->
        <test-method status="PASS" signature="TC010()[pri:10, instance:MIW.AolTest@cb5822]" name="TC010" duration-ms="10709" started-at="2019-04-01T11:07:05Z" description="Click New Email button" finished-at="2019-04-01T11:07:16Z">
          <reporter-output>
          </reporter-output>
        </test-method> <!-- TC010 -->
        <test-method status="PASS" signature="tearDown(org.testng.ITestResult)[pri:0, instance:MIW.AolTest@cb5822]" name="tearDown" is-config="true" duration-ms="1661" started-at="2019-04-01T11:07:16Z" finished-at="2019-04-01T11:07:17Z">
          <params>
            <param index="0">
              <value>
                <![CDATA[[TestResult name=TC010 status=SUCCESS method=AolTest.TC010()[pri:10, instance:MIW.AolTest@cb5822] output={null}]]]>
              </value>
            </param>
          </params>
          <reporter-output>
          </reporter-output>
        </test-method> <!-- tearDown -->
        <test-method status="PASS" signature="TC011()[pri:11, instance:MIW.AolTest@cb5822]" name="TC011" duration-ms="2226" started-at="2019-04-01T11:07:17Z" description="Compose New Email" finished-at="2019-04-01T11:07:20Z">
          <reporter-output>
          </reporter-output>
        </test-method> <!-- TC011 -->
        <test-method status="PASS" signature="tearDown(org.testng.ITestResult)[pri:0, instance:MIW.AolTest@cb5822]" name="tearDown" is-config="true" duration-ms="988" started-at="2019-04-01T11:07:20Z" finished-at="2019-04-01T11:07:21Z">
          <params>
            <param index="0">
              <value>
                <![CDATA[[TestResult name=TC011 status=SUCCESS method=AolTest.TC011()[pri:11, instance:MIW.AolTest@cb5822] output={null}]]]>
              </value>
            </param>
          </params>
          <reporter-output>
          </reporter-output>
        </test-method> <!-- tearDown -->
        <test-method status="PASS" signature="TC012()[pri:12, instance:MIW.AolTest@cb5822]" name="TC012" duration-ms="794" started-at="2019-04-01T11:07:21Z" description="Enter Subject" finished-at="2019-04-01T11:07:21Z">
          <reporter-output>
          </reporter-output>
        </test-method> <!-- TC012 -->
        <test-method status="PASS" signature="tearDown(org.testng.ITestResult)[pri:0, instance:MIW.AolTest@cb5822]" name="tearDown" is-config="true" duration-ms="1088" started-at="2019-04-01T11:07:21Z" finished-at="2019-04-01T11:07:23Z">
          <params>
            <param index="0">
              <value>
                <![CDATA[[TestResult name=TC012 status=SUCCESS method=AolTest.TC012()[pri:12, instance:MIW.AolTest@cb5822] output={null}]]]>
              </value>
            </param>
          </params>
          <reporter-output>
          </reporter-output>
        </test-method> <!-- tearDown -->
        <test-method status="PASS" signature="TC013()[pri:13, instance:MIW.AolTest@cb5822]" name="TC013" duration-ms="312" started-at="2019-04-01T11:07:23Z" description="Send the Email" finished-at="2019-04-01T11:07:23Z">
          <reporter-output>
          </reporter-output>
        </test-method> <!-- TC013 -->
        <test-method status="PASS" signature="tearDown(org.testng.ITestResult)[pri:0, instance:MIW.AolTest@cb5822]" name="tearDown" is-config="true" duration-ms="1043" started-at="2019-04-01T11:07:23Z" finished-at="2019-04-01T11:07:24Z">
          <params>
            <param index="0">
              <value>
                <![CDATA[[TestResult name=TC013 status=SUCCESS method=AolTest.TC013()[pri:13, instance:MIW.AolTest@cb5822] output={null}]]]>
              </value>
            </param>
          </params>
          <reporter-output>
          </reporter-output>
        </test-method> <!-- tearDown -->
        <test-method status="FAIL" signature="TC014()[pri:14, instance:MIW.AolTest@cb5822]" name="TC014" duration-ms="246487" started-at="2019-04-01T11:07:24Z" description="Verify email is received" finished-at="2019-04-01T11:11:30Z">
          <exception class="org.openqa.selenium.NoSuchElementException">
            <message>
              <![CDATA[An element could not be located on the page using the given search parameters.
For documentation on this error, please visit: https://www.seleniumhq.org/exceptions/no_such_element.html
Build info: version: '3.141.59', revision: 'e82be7d358', time: '2018-11-14T08:25:48'
System info: host: 'DESKTOP-6UVCCOR', ip: '10.0.0.4', os.name: 'Windows 10', os.arch: 'x86', os.version: '10.0', java.version: '1.8.0_161'
Driver info: io.appium.java_client.android.AndroidDriver
Capabilities {app: C:\Users\mixte\Downloads\AO..., appActivity: .ui.activity.SplashScreenAc..., appPackage: com.aol.mobile.aolapp, automationName: UiAutomator2, databaseEnabled: false, desired: {app: C:\Users\mixte\Downloads\AO..., appActivity: .ui.activity.SplashScreenAc..., appPackage: com.aol.mobile.aolapp, automationName: UiAutomator2, deviceName: Nexus 6p, noReset: false, platformName: android, platformVersion: 8.1.0}, deviceApiLevel: 27, deviceManufacturer: Huawei, deviceModel: Nexus 6P, deviceName: 84B7N15A10007779, deviceScreenDensity: 560, deviceScreenSize: 1440x2560, deviceUDID: 84B7N15A10007779, javascriptEnabled: true, locationContextEnabled: false, networkConnectionEnabled: true, noReset: false, pixelRatio: 3.5, platform: LINUX, platformName: Android, platformVersion: 8.1.0, statBarHeight: 84, takesScreenshot: true, viewportRect: {height: 2308, left: 0, top: 84, width: 1440}, warnings: {}, webStorageEnabled: false}
Session ID: 007911a6-3f40-49df-beff-595efed67c03
*** Element info: {Using=id, value=com.aol.mobile.aolapp:id/subject_view}]]>
            </message>
            <full-stacktrace>
              <![CDATA[org.openqa.selenium.NoSuchElementException: An element could not be located on the page using the given search parameters.
For documentation on this error, please visit: https://www.seleniumhq.org/exceptions/no_such_element.html
Build info: version: '3.141.59', revision: 'e82be7d358', time: '2018-11-14T08:25:48'
System info: host: 'DESKTOP-6UVCCOR', ip: '10.0.0.4', os.name: 'Windows 10', os.arch: 'x86', os.version: '10.0', java.version: '1.8.0_161'
Driver info: io.appium.java_client.android.AndroidDriver
Capabilities {app: C:\Users\mixte\Downloads\AO..., appActivity: .ui.activity.SplashScreenAc..., appPackage: com.aol.mobile.aolapp, automationName: UiAutomator2, databaseEnabled: false, desired: {app: C:\Users\mixte\Downloads\AO..., appActivity: .ui.activity.SplashScreenAc..., appPackage: com.aol.mobile.aolapp, automationName: UiAutomator2, deviceName: Nexus 6p, noReset: false, platformName: android, platformVersion: 8.1.0}, deviceApiLevel: 27, deviceManufacturer: Huawei, deviceModel: Nexus 6P, deviceName: 84B7N15A10007779, deviceScreenDensity: 560, deviceScreenSize: 1440x2560, deviceUDID: 84B7N15A10007779, javascriptEnabled: true, locationContextEnabled: false, networkConnectionEnabled: true, noReset: false, pixelRatio: 3.5, platform: LINUX, platformName: Android, platformVersion: 8.1.0, statBarHeight: 84, takesScreenshot: true, viewportRect: {height: 2308, left: 0, top: 84, width: 1440}, warnings: {}, webStorageEnabled: false}
Session ID: 007911a6-3f40-49df-beff-595efed67c03
*** Element info: {Using=id, value=com.aol.mobile.aolapp:id/subject_view}
at sun.reflect.NativeConstructorAccessorImpl.newInstance0(Native Method)
at sun.reflect.NativeConstructorAccessorImpl.newInstance(Unknown Source)
at sun.reflect.DelegatingConstructorAccessorImpl.newInstance(Unknown Source)
at java.lang.reflect.Constructor.newInstance(Unknown Source)
at org.openqa.selenium.remote.http.W3CHttpResponseCodec.createException(W3CHttpResponseCodec.java:187)
at org.openqa.selenium.remote.http.W3CHttpResponseCodec.decode(W3CHttpResponseCodec.java:122)
at org.openqa.selenium.remote.http.W3CHttpResponseCodec.decode(W3CHttpResponseCodec.java:49)
at org.openqa.selenium.remote.HttpCommandExecutor.execute(HttpCommandExecutor.java:158)
at io.appium.java_client.remote.AppiumCommandExecutor.execute(AppiumCommandExecutor.java:239)
at org.openqa.selenium.remote.RemoteWebDriver.execute(RemoteWebDriver.java:552)
at io.appium.java_client.DefaultGenericMobileDriver.execute(DefaultGenericMobileDriver.java:42)
at io.appium.java_client.AppiumDriver.execute(AppiumDriver.java:1)
at io.appium.java_client.android.AndroidDriver.execute(AndroidDriver.java:1)
at org.openqa.selenium.remote.RemoteWebDriver.findElement(RemoteWebDriver.java:323)
at io.appium.java_client.DefaultGenericMobileDriver.findElement(DefaultGenericMobileDriver.java:62)
at io.appium.java_client.AppiumDriver.findElement(AppiumDriver.java:1)
at io.appium.java_client.android.AndroidDriver.findElement(AndroidDriver.java:1)
at org.openqa.selenium.remote.RemoteWebDriver.findElementById(RemoteWebDriver.java:372)
at io.appium.java_client.DefaultGenericMobileDriver.findElementById(DefaultGenericMobileDriver.java:70)
at io.appium.java_client.AppiumDriver.findElementById(AppiumDriver.java:1)
at io.appium.java_client.android.AndroidDriver.findElementById(AndroidDriver.java:1)
at MIW.AolTest.TC014(AolTest.java:180)
at sun.reflect.NativeMethodAccessorImpl.invoke0(Native Method)
at sun.reflect.NativeMethodAccessorImpl.invoke(Unknown Source)
at sun.reflect.DelegatingMethodAccessorImpl.invoke(Unknown Source)
at java.lang.reflect.Method.invoke(Unknown Source)
at org.testng.internal.MethodInvocationHelper.invokeMethod(MethodInvocationHelper.java:124)
at org.testng.internal.Invoker.invokeMethod(Invoker.java:580)
at org.testng.internal.Invoker.invokeTestMethod(Invoker.java:716)
at org.testng.internal.Invoker.invokeTestMethods(Invoker.java:988)
at org.testng.internal.TestMethodWorker.invokeTestMethods(TestMethodWorker.java:125)
at org.testng.internal.TestMethodWorker.run(TestMethodWorker.java:109)
at org.testng.TestRunner.privateRun(TestRunner.java:648)
at org.testng.TestRunner.run(TestRunner.java:505)
at org.testng.SuiteRunner.runTest(SuiteRunner.java:455)
at org.testng.SuiteRunner.runSequentially(SuiteRunner.java:450)
at org.testng.SuiteRunner.privateRun(SuiteRunner.java:415)
at org.testng.SuiteRunner.run(SuiteRunner.java:364)
at org.testng.SuiteRunnerWorker.runSuite(SuiteRunnerWorker.java:52)
at org.testng.SuiteRunnerWorker.run(SuiteRunnerWorker.java:84)
at org.testng.TestNG.runSuitesSequentially(TestNG.java:1208)
at org.testng.TestNG.runSuitesLocally(TestNG.java:1137)
at org.testng.TestNG.runSuites(TestNG.java:1049)
at org.testng.TestNG.run(TestNG.java:1017)
at org.testng.remote.AbstractRemoteTestNG.run(AbstractRemoteTestNG.java:114)
at org.testng.remote.RemoteTestNG.initAndRun(RemoteTestNG.java:251)
at org.testng.remote.RemoteTestNG.main(RemoteTestNG.java:77)
]]>
            </full-stacktrace>
          </exception> <!-- org.openqa.selenium.NoSuchElementException -->
          <reporter-output>
          </reporter-output>
        </test-method> <!-- TC014 -->
        <test-method status="PASS" signature="tearDown(org.testng.ITestResult)[pri:0, instance:MIW.AolTest@cb5822]" name="tearDown" is-config="true" duration-ms="40" started-at="2019-04-01T11:11:30Z" finished-at="2019-04-01T11:11:30Z">
          <params>
            <param index="0">
              <value>
                <![CDATA[[TestResult name=TC014 status=FAILURE method=AolTest.TC014()[pri:14, instance:MIW.AolTest@cb5822] output={null}]]]>
              </value>
            </param>
          </params>
          <reporter-output>
          </reporter-output>
        </test-method> <!-- tearDown -->
        <test-method status="PASS" signature="afterSuite()[pri:0, instance:MIW.AolTest@cb5822]" name="afterSuite" is-config="true" duration-ms="4159" started-at="2019-04-01T11:11:32Z" finished-at="2019-04-01T11:11:36Z">
          <reporter-output>
          </reporter-output>
        </test-method> <!-- afterSuite -->
      </class> <!-- MIW.AolTest -->
    </test> <!-- Default test -->
  </suite> <!-- Default suite -->
</testng-results>
